11 Mar 2016 15:57:59 | /mysite.local/index.php | http://localhost/mysite.local/index.php?id=log
11 Mar 2016 15:58:00 | /mysite.local/index.php?id=about | http://localhost/mysite.local/index.php
11 Mar 2016 15:58:01 | /mysite.local/index.php?id=contact | http://localhost/mysite.local/index.php?id=about
11 Mar 2016 15:58:02 | /mysite.local/index.php?id=about | http://localhost/mysite.local/index.php?id=contact
11 Mar 2016 15:58:03 | /mysite.local/index.php | http://localhost/mysite.local/index.php?id=about
11 Mar 2016 15:58:03 | /mysite.local/index.php?id=contact | http://localhost/mysite.local/index.php
11 Mar 2016 15:58:03 | /mysite.local/index.php?id=info | http://localhost/mysite.local/index.php?id=contact
11 Mar 2016 15:58:05 | /mysite.local/index.php?id=info | http://localhost/mysite.local/index.php?id=info
11 Mar 2016 15:58:08 | /mysite.local/index.php?id=gbook | http://localhost/mysite.local/index.php?id=info
11 Mar 2016 15:58:08 | /mysite.local/index.php?id=about | http://localhost/mysite.local/index.php?id=gbook
11 Mar 2016 15:58:08 | /mysite.local/index.php?id=contact | http://localhost/mysite.local/index.php?id=about
11 Mar 2016 15:58:09 | /mysite.local/index.php?id=about | http://localhost/mysite.local/index.php?id=contact
11 Mar 2016 15:58:09 | /mysite.local/index.php?id=about | http://localhost/mysite.local/index.php?id=about
11 Mar 2016 15:58:10 | /mysite.local/index.php?id=log | http://localhost/mysite.local/index.php?id=about
11 Mar 2016 15:58:11 | /mysite.local/index.php?id=log | http://localhost/mysite.local/index.php?id=log
11 Mar 2016 15:58:12 | /mysite.local/index.php?id=log | http://localhost/mysite.local/index.php?id=log
11 Mar 2016 15:58:12 | /mysite.local/index.php?id=log | http://localhost/mysite.local/index.php?id=log
11 Mar 2016 15:58:12 | /mysite.local/index.php?id=log | http://localhost/mysite.local/index.php?id=log
11 Mar 2016 15:58:12 | /mysite.local/index.php?id=log | http://localhost/mysite.local/index.php?id=log
11 Mar 2016 15:58:13 | /mysite.local/index.php?id=log | http://localhost/mysite.local/index.php?id=log
11 Mar 2016 15:58:13 | /mysite.local/index.php?id=log | http://localhost/mysite.local/index.php?id=log
11 Mar 2016 15:58:13 | /mysite.local/index.php?id=log | http://localhost/mysite.local/index.php?id=log
11 Mar 2016 15:58:13 | /mysite.local/index.php?id=log | http://localhost/mysite.local/index.php?id=log
11 Mar 2016 15:58:13 | /mysite.local/index.php?id=log | http://localhost/mysite.local/index.php?id=log
11 Mar 2016 15:58:13 | /mysite.local/index.php?id=log | http://localhost/mysite.local/index.php?id=log
11 Mar 2016 15:58:14 | /mysite.local/index.php?id=log | http://localhost/mysite.local/index.php?id=log
11 Mar 2016 15:58:14 | /mysite.local/index.php?id=log | http://localhost/mysite.local/index.php?id=log
11 Mar 2016 15:58:14 | /mysite.local/index.php?id=log | http://localhost/mysite.local/index.php?id=log
11 Mar 2016 15:58:14 | /mysite.local/index.php?id=log | http://localhost/mysite.local/index.php?id=log
11 Mar 2016 15:58:14 | /mysite.local/index.php?id=log | http://localhost/mysite.local/index.php?id=log
11 Mar 2016 15:58:14 | /mysite.local/index.php?id=log | http://localhost/mysite.local/index.php?id=log
11 Mar 2016 15:58:15 | /mysite.local/index.php?id=log | http://localhost/mysite.local/index.php?id=log
11 Mar 2016 15:58:15 | /mysite.local/index.php?id=log | http://localhost/mysite.local/index.php?id=log
11 Mar 2016 15:58:15 | /mysite.local/index.php?id=log | http://localhost/mysite.local/index.php?id=log
11 Mar 2016 15:58:15 | /mysite.local/index.php?id=log | http://localhost/mysite.local/index.php?id=log
11 Mar 2016 15:58:15 | /mysite.local/index.php?id=log | http://localhost/mysite.local/index.php?id=log
11 Mar 2016 15:58:15 | /mysite.local/index.php?id=log | http://localhost/mysite.local/index.php?id=log
11 Mar 2016 15:58:16 | /mysite.local/index.php?id=log | http://localhost/mysite.local/index.php?id=log
11 Mar 2016 15:58:16 | /mysite.local/index.php?id=log | http://localhost/mysite.local/index.php?id=log
17 Mar 2016 12:13:00 | / | 
17 Mar 2016 12:13:06 | /index.php?id=about | http://mysite.local/
17 Mar 2016 12:38:08 | / | 
17 Mar 2016 12:46:15 | /index.php | 
17 Mar 2016 12:53:11 | / | 
17 Mar 2016 15:58:21 | / | 
17 Mar 2016 15:58:27 | /index.php | http://mysite.local/
17 Mar 2016 15:58:28 | /index.php?id=contact | http://mysite.local/index.php
17 Mar 2016 15:58:37 | /index.php?id=contact | http://mysite.local/index.php?id=contact
17 Mar 2016 15:58:38 | /index.php?id=info | http://mysite.local/index.php?id=contact
17 Mar 2016 15:58:44 | /index.php | http://mysite.local/index.php?id=info
17 Mar 2016 15:58:45 | /index.php?id=contact | http://mysite.local/index.php
17 Mar 2016 15:58:46 | /index.php?id=contact | http://mysite.local/index.php?id=contact
17 Mar 2016 15:58:49 | /index.php | http://mysite.local/index.php?id=contact
17 Mar 2016 16:30:31 | /index.php?id=contact | http://mysite.local/test_image.php
22 Mar 2016 21:46:47 | / | 
22 Mar 2016 21:46:49 | /index.php?id=gbook | http://mysite.local/
22 Mar 2016 21:52:33 | /index.php?id=gbook | http://mysite.local/
22 Mar 2016 21:52:40 | /index.php?id=gbook&del=3 | http://mysite.local/index.php?id=gbook
22 Mar 2016 21:52:45 | /index.php?id=gbook&del=1 | http://mysite.local/index.php?id=gbook&del=3
22 Mar 2016 21:52:48 | /index.php?id=gbook&del=1 | http://mysite.local/index.php?id=gbook&del=3
25 Mar 2016 14:43:21 | /www/index.php | 
